<?xml version="1.0" encoding="UTF-8"?>
<!-- Generated by org.testng.reporters.JUnitReportReporter -->
<testsuite hostname="Prateek" failures="0" tests="1" name="jDemo.JenkinsDemo" time="0.035" errors="0" timestamp="2023-07-21T08:47:51 IST" skipped="0">
  <testcase classname="jDemo.JenkinsDemo" name="m1" time="0.035"/>
  <system-out/>
</testsuite> <!-- jDemo.JenkinsDemo -->
